The system is: Linux - 3.10.0-514.26.1.1chaos.ch6_1.x86_64 - x86_64
Compiling the C compiler identification source file "CMakeCCompilerId.c" succeeded.
Compiler: /opt/openmpi/2.0/intel/bin/mpicc 
Build flags: 
Id flags: 

The output was:
0


Compilation of the C compiler identification source "CMakeCCompilerId.c" produced "a.out"

The C compiler identification is Intel, found in "/gscratch/mmcches/StrideSearch/cpp/lpmCxx/build/CMakeFiles/2.8.12.2/CompilerIdC/a.out"

Compiling the CXX compiler identification source file "CMakeCXXCompilerId.cpp" succeeded.
Compiler: /opt/openmpi/2.0/intel/bin/mpicxx 
Build flags: 
Id flags: 

The output was:
0


Compilation of the CXX compiler identification source "CMakeCXXCompilerId.cpp" produced "a.out"

The CXX compiler identification is Intel, found in "/gscratch/mmcches/StrideSearch/cpp/lpmCxx/build/CMakeFiles/2.8.12.2/CompilerIdCXX/a.out"

Determining if the C compiler works passed with the following output:
Change Dir: /gscratch/mmcches/StrideSearch/cpp/lpmCxx/build/CMakeFiles/CMakeTmp

Run Build Command:/bin/gmake "cmTryCompileExec3353631637/fast"
/bin/gmake -f CMakeFiles/cmTryCompileExec3353631637.dir/build.make CMakeFiles/cmTryCompileExec3353631637.dir/build
gmake[1]: Entering directory `/gscratch/mmcches/StrideSearch/cpp/lpmCxx/build/CMakeFiles/CMakeTmp'
/usr/bin/cmake -E cmake_progress_report /gscratch/mmcches/StrideSearch/cpp/lpmCxx/build/CMakeFiles/CMakeTmp/CMakeFiles 1
Building C object CMakeFiles/cmTryCompileExec3353631637.dir/testCCompiler.c.o
/opt/openmpi/2.0/intel/bin/mpicc    -o CMakeFiles/cmTryCompileExec3353631637.dir/testCCompiler.c.o   -c /gscratch/mmcches/StrideSearch/cpp/lpmCxx/build/CMakeFiles/CMakeTmp/testCCompiler.c
Linking C executable cmTryCompileExec3353631637
/usr/bin/cmake -E cmake_link_script CMakeFiles/cmTryCompileExec3353631637.dir/link.txt --verbose=1
/opt/openmpi/2.0/intel/bin/mpicc       CMakeFiles/cmTryCompileExec3353631637.dir/testCCompiler.c.o  -o cmTryCompileExec3353631637 -rdynamic 
gmake[1]: Leaving directory `/gscratch/mmcches/StrideSearch/cpp/lpmCxx/build/CMakeFiles/CMakeTmp'


Detecting C compiler ABI info compiled with the following output:
Change Dir: /gscratch/mmcches/StrideSearch/cpp/lpmCxx/build/CMakeFiles/CMakeTmp

Run Build Command:/bin/gmake "cmTryCompileExec2666226950/fast"
/bin/gmake -f CMakeFiles/cmTryCompileExec2666226950.dir/build.make CMakeFiles/cmTryCompileExec2666226950.dir/build
gmake[1]: Entering directory `/gscratch/mmcches/StrideSearch/cpp/lpmCxx/build/CMakeFiles/CMakeTmp'
/usr/bin/cmake -E cmake_progress_report /gscratch/mmcches/StrideSearch/cpp/lpmCxx/build/CMakeFiles/CMakeTmp/CMakeFiles 1
Building C object CMakeFiles/cmTryCompileExec2666226950.dir/CMakeCCompilerABI.c.o
/opt/openmpi/2.0/intel/bin/mpicc    -o CMakeFiles/cmTryCompileExec2666226950.dir/CMakeCCompilerABI.c.o   -c /usr/share/cmake/Modules/CMakeCCompilerABI.c
Linking C executable cmTryCompileExec2666226950
/usr/bin/cmake -E cmake_link_script CMakeFiles/cmTryCompileExec2666226950.dir/link.txt --verbose=1
/opt/openmpi/2.0/intel/bin/mpicc     -v CMakeFiles/cmTryCompileExec2666226950.dir/CMakeCCompilerABI.c.o  -o cmTryCompileExec2666226950 -rdynamic  
icc version 17.0.4 (gcc version 4.9.2 compatibility)
/projects/global/toss3/compilers/intel/intel_2017/compilers_and_libraries_2017.4.196/linux/bin/intel64/mcpcom    -mGLOB_em64t=TRUE -mP1OPT_version=17.0-intel64 -mGLOB_diag_file=CMakeFiles/cmTryCompileExec2666226950.dir/CMakeCCompilerABI.c.diag -mGLOB_long_size_64 -mGLOB_routine_pointer_size_64 -mP1OPT_print_version=FALSE -mCG_use_gas_got_workaround=F -mP2OPT_align_option_used=TRUE -mGLOB_gcc_version=492 "-mGLOB_options_string=-I/opt/openmpi/2.0/intel/include -v -o cmTryCompileExec2666226950 -rdynamic -pthread -Wl,-rpath -Wl,/opt/openmpi/2.0/intel/lib -Wl,--enable-new-dtags -L/opt/openmpi/2.0/intel/lib -lmpi" -mGLOB_cxx_limited_range=FALSE -mCG_extend_parms=FALSE -mGLOB_compiler_bin_directory=/projects/global/toss3/compilers/intel/intel_2017/compilers_and_libraries_2017.4.196/linux/bin/intel64 -mGLOB_as_output_backup_file_name=/tmp/icc3rXCSnas_.s -mGLOB_dashboard_use_source_name -mIPOPT_activate -mGLOB_product_id_code=0x22006d91 -mP3OPT_use_mspp_call_convention -mP2OPT_subs_out_of_bound=FALSE -mP2OPT_disam_type_based_disam=2 -mP2OPT_disam_assume_ansi_c -mP2OPT_checked_disam_ansi_alias=TRUE -mGLOB_ansi_alias -mPGOPTI_value_profile_use=T -mGLOB_opt_report_use_source_name -mP2OPT_il0_array_sections=TRUE -mGLOB_offload_mode=1 -mP2OPT_offload_unique_var_string=icc1730726741NAc69u -mP2OPT_hlo -mP2OPT_hpo_rtt_control=0 -mIPOPT_args_in_regs=0 -mP2OPT_disam_assume_nonstd_intent_in=FALSE -mGLOB_imf_mapping_library=/projects/global/toss3/compilers/intel/intel_2017/compilers_and_libraries_2017.4.196/linux/bin/intel64/libiml_attr.so -mPGOPTI_gen_threadsafe_level=0 -mIPOPT_link -mIPOPT_ipo_activate -mIPOPT_mo_activate -mIPOPT_source_files_list=/tmp/iccslism2ZrX5 -mIPOPT_mo_global_data -mIPOPT_link_script_file=/tmp/iccscriptHLvDVb "-mIPOPT_cmdline_link="/lib/../lib64/crt1.o" "/lib/../lib64/crti.o" "/opt/rh/devtoolset-3/root/usr/lib/gcc/x86_64-redhat-linux/4.9.2/crtbegin.o" "-export-dynamic" "--eh-frame-hdr" "--build-id" "-dynamic-linker" "/lib64/ld-linux-x86-64.so.2" "-m" "elf_x86_64" "-L/opt/openmpi/2.0/intel/lib" "-o" "cmTryCompileExec2666226950" "-L/projects/global/toss3/compilers/intel/intel_2017/compilers_and_libraries_2017.4.196/linux/compiler/lib/intel64_lin" "-L/opt/rh/devtoolset-3/root/usr/lib/gcc/x86_64-redhat-linux/4.9.2/" "-L/opt/rh/devtoolset-3/root/usr/lib/gcc/x86_64-redhat-linux/4.9.2/../../../../lib64" "-L/opt/rh/devtoolset-3/root/usr/lib/gcc/x86_64-redhat-linux/4.9.2/../../../../lib64/" "-L/lib/../lib64" "-L/lib/../lib64/" "-L/usr/lib/../lib64" "-L/usr/lib/../lib64/" "-L/opt/rh/devtoolset-3/root/usr/lib/gcc/x86_64-redhat-linux/4.9.2/../../../" "-L/lib64" "-L/lib/" "-L/usr/lib64" "-L/usr/lib" "CMakeFiles/cmTryCompileExec2666226950.dir/CMakeCCompilerABI.c.o" "-rpath" "/opt/openmpi/2.0/intel/lib" "--enable-new-dtags" "-lmpi" "-Bdynamic" "-Bstatic" "-limf" "-lsvml" "-lirng" "-Bdynamic" "-lm" "-Bstatic" "-lipgo" "-ldecimal" "--as-needed" "-Bdynamic" "-lcilkrts" "-lstdc++" "--no-as-needed" "-lgcc" "-lgcc_s" "-Bstatic" "-lirc" "-Bdynamic" "-lpthread" "-Bstatic" "-lsvml" "-Bdynamic" "-lc" "-lgcc" "-lgcc_s" "-Bstatic" "-lirc_s" "-Bdynamic" "-ldl" "-lc" "/opt/rh/devtoolset-3/root/usr/lib/gcc/x86_64-redhat-linux/4.9.2/crtend.o" "/lib/../lib64/crtn.o"" -mIPOPT_il_in_obj -mIPOPT_ipo_activate_warn=FALSE -mIPOPT_obj_output_file_name=/tmp/ipo_iccUldw8v.o -mIPOPT_whole_archive_fixup_file_name=/tmp/iccwarch4kSBQF -mGLOB_linker_version=2.24 -mGLOB_driver_tempfile_name=/tmp/icctempfilehqBsQL -mP3OPT_asm_target=P3OPT_ASM_TARGET_GAS -mGLOB_async_unwind_tables=TRUE -mGLOB_obj_output_file=/tmp/ipo_iccUldw8v.o -mGLOB_source_dialect=GLOB_SOURCE_DIALECT_NONE -mP1OPT_source_file_name=ipo_out.c CMakeFiles/cmTryCompileExec2666226950.dir/CMakeCCompilerABI.c.o -mIPOPT_object_files=T -mIPOPT_assembly_files=/tmp/iccalisNphO4H -mIPOPT_generated_tempfiles=/tmp/iccelismGcX2N -mIPOPT_embedded_object_base_name=/tmp/icceobjBRZ70T -mIPOPT_cmdline_link_new_name=/tmp/iccllisldVhZZ
ld    /lib/../lib64/crt1.o /lib/../lib64/crti.o /opt/rh/devtoolset-3/root/usr/lib/gcc/x86_64-redhat-linux/4.9.2/crtbegin.o -export-dynamic --eh-frame-hdr --build-id -dynamic-linker /lib64/ld-linux-x86-64.so.2 -m elf_x86_64 -L/opt/openmpi/2.0/intel/lib -o cmTryCompileExec2666226950 -L/projects/global/toss3/compilers/intel/intel_2017/compilers_and_libraries_2017.4.196/linux/compiler/lib/intel64_lin -L/opt/rh/devtoolset-3/root/usr/lib/gcc/x86_64-redhat-linux/4.9.2/ -L/opt/rh/devtoolset-3/root/usr/lib/gcc/x86_64-redhat-linux/4.9.2/../../../../lib64 -L/opt/rh/devtoolset-3/root/usr/lib/gcc/x86_64-redhat-linux/4.9.2/../../../../lib64/ -L/lib/../lib64 -L/lib/../lib64/ -L/usr/lib/../lib64 -L/usr/lib/../lib64/ -L/opt/rh/devtoolset-3/root/usr/lib/gcc/x86_64-redhat-linux/4.9.2/../../../ -L/lib64 -L/lib/ -L/usr/lib64 -L/usr/lib CMakeFiles/cmTryCompileExec2666226950.dir/CMakeCCompilerABI.c.o -rpath /opt/openmpi/2.0/intel/lib --enable-new-dtags -lmpi -Bdynamic -Bstatic -limf -lsvml -lirng -Bdynamic -lm -Bstatic -lipgo -ldecimal --as-needed -Bdynamic -lcilkrts -lstdc++ --no-as-needed -lgcc -lgcc_s -Bstatic -lirc -Bdynamic -lpthread -Bstatic -lsvml -Bdynamic -lc -lgcc -lgcc_s -Bstatic -lirc_s -Bdynamic -ldl -lc /opt/rh/devtoolset-3/root/usr/lib/gcc/x86_64-redhat-linux/4.9.2/crtend.o /lib/../lib64/crtn.o
gmake[1]: Leaving directory `/gscratch/mmcches/StrideSearch/cpp/lpmCxx/build/CMakeFiles/CMakeTmp'


Parsed C implicit link information from above output:
  link line regex: [^( *|.*[/\])(ld|([^/\]+-)?ld|collect2)[^/\]*( |$)]
  ignore line: [Change Dir: /gscratch/mmcches/StrideSearch/cpp/lpmCxx/build/CMakeFiles/CMakeTmp]
  ignore line: []
  ignore line: [Run Build Command:/bin/gmake "cmTryCompileExec2666226950/fast"]
  ignore line: [/bin/gmake -f CMakeFiles/cmTryCompileExec2666226950.dir/build.make CMakeFiles/cmTryCompileExec2666226950.dir/build]
  ignore line: [gmake[1]: Entering directory `/gscratch/mmcches/StrideSearch/cpp/lpmCxx/build/CMakeFiles/CMakeTmp']
  ignore line: [/usr/bin/cmake -E cmake_progress_report /gscratch/mmcches/StrideSearch/cpp/lpmCxx/build/CMakeFiles/CMakeTmp/CMakeFiles 1]
  ignore line: [Building C object CMakeFiles/cmTryCompileExec2666226950.dir/CMakeCCompilerABI.c.o]
  ignore line: [/opt/openmpi/2.0/intel/bin/mpicc    -o CMakeFiles/cmTryCompileExec2666226950.dir/CMakeCCompilerABI.c.o   -c /usr/share/cmake/Modules/CMakeCCompilerABI.c]
  ignore line: [Linking C executable cmTryCompileExec2666226950]
  ignore line: [/usr/bin/cmake -E cmake_link_script CMakeFiles/cmTryCompileExec2666226950.dir/link.txt --verbose=1]
  ignore line: [/opt/openmpi/2.0/intel/bin/mpicc     -v CMakeFiles/cmTryCompileExec2666226950.dir/CMakeCCompilerABI.c.o  -o cmTryCompileExec2666226950 -rdynamic  ]
  ignore line: [icc version 17.0.4 (gcc version 4.9.2 compatibility)]
  ignore line: [/projects/global/toss3/compilers/intel/intel_2017/compilers_and_libraries_2017.4.196/linux/bin/intel64/mcpcom    -mGLOB_em64t=TRUE -mP1OPT_version=17.0-intel64 -mGLOB_diag_file=CMakeFiles/cmTryCompileExec2666226950.dir/CMakeCCompilerABI.c.diag -mGLOB_long_size_64 -mGLOB_routine_pointer_size_64 -mP1OPT_print_version=FALSE -mCG_use_gas_got_workaround=F -mP2OPT_align_option_used=TRUE -mGLOB_gcc_version=492 "-mGLOB_options_string=-I/opt/openmpi/2.0/intel/include -v -o cmTryCompileExec2666226950 -rdynamic -pthread -Wl,-rpath -Wl,/opt/openmpi/2.0/intel/lib -Wl,--enable-new-dtags -L/opt/openmpi/2.0/intel/lib -lmpi" -mGLOB_cxx_limited_range=FALSE -mCG_extend_parms=FALSE -mGLOB_compiler_bin_directory=/projects/global/toss3/compilers/intel/intel_2017/compilers_and_libraries_2017.4.196/linux/bin/intel64 -mGLOB_as_output_backup_file_name=/tmp/icc3rXCSnas_.s -mGLOB_dashboard_use_source_name -mIPOPT_activate -mGLOB_product_id_code=0x22006d91 -mP3OPT_use_mspp_call_convention -mP2OPT_subs_out_of_bound=FALSE -mP2OPT_disam_type_based_disam=2 -mP2OPT_disam_assume_ansi_c -mP2OPT_checked_disam_ansi_alias=TRUE -mGLOB_ansi_alias -mPGOPTI_value_profile_use=T -mGLOB_opt_report_use_source_name -mP2OPT_il0_array_sections=TRUE -mGLOB_offload_mode=1 -mP2OPT_offload_unique_var_string=icc1730726741NAc69u -mP2OPT_hlo -mP2OPT_hpo_rtt_control=0 -mIPOPT_args_in_regs=0 -mP2OPT_disam_assume_nonstd_intent_in=FALSE -mGLOB_imf_mapping_library=/projects/global/toss3/compilers/intel/intel_2017/compilers_and_libraries_2017.4.196/linux/bin/intel64/libiml_attr.so -mPGOPTI_gen_threadsafe_level=0 -mIPOPT_link -mIPOPT_ipo_activate -mIPOPT_mo_activate -mIPOPT_source_files_list=/tmp/iccslism2ZrX5 -mIPOPT_mo_global_data -mIPOPT_link_script_file=/tmp/iccscriptHLvDVb "-mIPOPT_cmdline_link="/lib/../lib64/crt1.o" "/lib/../lib64/crti.o" "/opt/rh/devtoolset-3/root/usr/lib/gcc/x86_64-redhat-linux/4.9.2/crtbegin.o" "-export-dynamic" "--eh-frame-hdr" "--build-id" "-dynamic-linker" "/lib64/ld-linux-x86-64.so.2" "-m" "elf_x86_64" "-L/opt/openmpi/2.0/intel/lib" "-o" "cmTryCompileExec2666226950" "-L/projects/global/toss3/compilers/intel/intel_2017/compilers_and_libraries_2017.4.196/linux/compiler/lib/intel64_lin" "-L/opt/rh/devtoolset-3/root/usr/lib/gcc/x86_64-redhat-linux/4.9.2/" "-L/opt/rh/devtoolset-3/root/usr/lib/gcc/x86_64-redhat-linux/4.9.2/../../../../lib64" "-L/opt/rh/devtoolset-3/root/usr/lib/gcc/x86_64-redhat-linux/4.9.2/../../../../lib64/" "-L/lib/../lib64" "-L/lib/../lib64/" "-L/usr/lib/../lib64" "-L/usr/lib/../lib64/" "-L/opt/rh/devtoolset-3/root/usr/lib/gcc/x86_64-redhat-linux/4.9.2/../../../" "-L/lib64" "-L/lib/" "-L/usr/lib64" "-L/usr/lib" "CMakeFiles/cmTryCompileExec2666226950.dir/CMakeCCompilerABI.c.o" "-rpath" "/opt/openmpi/2.0/intel/lib" "--enable-new-dtags" "-lmpi" "-Bdynamic" "-Bstatic" "-limf" "-lsvml" "-lirng" "-Bdynamic" "-lm" "-Bstatic" "-lipgo" "-ldecimal" "--as-needed" "-Bdynamic" "-lcilkrts" "-lstdc++" "--no-as-needed" "-lgcc" "-lgcc_s" "-Bstatic" "-lirc" "-Bdynamic" "-lpthread" "-Bstatic" "-lsvml" "-Bdynamic" "-lc" "-lgcc" "-lgcc_s" "-Bstatic" "-lirc_s" "-Bdynamic" "-ldl" "-lc" "/opt/rh/devtoolset-3/root/usr/lib/gcc/x86_64-redhat-linux/4.9.2/crtend.o" "/lib/../lib64/crtn.o"" -mIPOPT_il_in_obj -mIPOPT_ipo_activate_warn=FALSE -mIPOPT_obj_output_file_name=/tmp/ipo_iccUldw8v.o -mIPOPT_whole_archive_fixup_file_name=/tmp/iccwarch4kSBQF -mGLOB_linker_version=2.24 -mGLOB_driver_tempfile_name=/tmp/icctempfilehqBsQL -mP3OPT_asm_target=P3OPT_ASM_TARGET_GAS -mGLOB_async_unwind_tables=TRUE -mGLOB_obj_output_file=/tmp/ipo_iccUldw8v.o -mGLOB_source_dialect=GLOB_SOURCE_DIALECT_NONE -mP1OPT_source_file_name=ipo_out.c CMakeFiles/cmTryCompileExec2666226950.dir/CMakeCCompilerABI.c.o -mIPOPT_object_files=T -mIPOPT_assembly_files=/tmp/iccalisNphO4H -mIPOPT_generated_tempfiles=/tmp/iccelismGcX2N -mIPOPT_embedded_object_base_name=/tmp/icceobjBRZ70T -mIPOPT_cmdline_link_new_name=/tmp/iccllisldVhZZ]
  link line: [ld    /lib/../lib64/crt1.o /lib/../lib64/crti.o /opt/rh/devtoolset-3/root/usr/lib/gcc/x86_64-redhat-linux/4.9.2/crtbegin.o -export-dynamic --eh-frame-hdr --build-id -dynamic-linker /lib64/ld-linux-x86-64.so.2 -m elf_x86_64 -L/opt/openmpi/2.0/intel/lib -o cmTryCompileExec2666226950 -L/projects/global/toss3/compilers/intel/intel_2017/compilers_and_libraries_2017.4.196/linux/compiler/lib/intel64_lin -L/opt/rh/devtoolset-3/root/usr/lib/gcc/x86_64-redhat-linux/4.9.2/ -L/opt/rh/devtoolset-3/root/usr/lib/gcc/x86_64-redhat-linux/4.9.2/../../../../lib64 -L/opt/rh/devtoolset-3/root/usr/lib/gcc/x86_64-redhat-linux/4.9.2/../../../../lib64/ -L/lib/../lib64 -L/lib/../lib64/ -L/usr/lib/../lib64 -L/usr/lib/../lib64/ -L/opt/rh/devtoolset-3/root/usr/lib/gcc/x86_64-redhat-linux/4.9.2/../../../ -L/lib64 -L/lib/ -L/usr/lib64 -L/usr/lib CMakeFiles/cmTryCompileExec2666226950.dir/CMakeCCompilerABI.c.o -rpath /opt/openmpi/2.0/intel/lib --enable-new-dtags -lmpi -Bdynamic -Bstatic -limf -lsvml -lirng -Bdynamic -lm -Bstatic -lipgo -ldecimal --as-needed -Bdynamic -lcilkrts -lstdc++ --no-as-needed -lgcc -lgcc_s -Bstatic -lirc -Bdynamic -lpthread -Bstatic -lsvml -Bdynamic -lc -lgcc -lgcc_s -Bstatic -lirc_s -Bdynamic -ldl -lc /opt/rh/devtoolset-3/root/usr/lib/gcc/x86_64-redhat-linux/4.9.2/crtend.o /lib/../lib64/crtn.o]
    arg [ld] ==> ignore
    arg [/lib/../lib64/crt1.o] ==> ignore
    arg [/lib/../lib64/crti.o] ==> ignore
    arg [/opt/rh/devtoolset-3/root/usr/lib/gcc/x86_64-redhat-linux/4.9.2/crtbegin.o] ==> ignore
    arg [-export-dynamic] ==> ignore
    arg [--eh-frame-hdr] ==> ignore
    arg [--build-id] ==> ignore
    arg [-dynamic-linker] ==> ignore
    arg [/lib64/ld-linux-x86-64.so.2] ==> ignore
    arg [-m] ==> ignore
    arg [elf_x86_64] ==> ignore
    arg [-L/opt/openmpi/2.0/intel/lib] ==> dir [/opt/openmpi/2.0/intel/lib]
    arg [-o] ==> ignore
    arg [cmTryCompileExec2666226950] ==> ignore
    arg [-L/projects/global/toss3/compilers/intel/intel_2017/compilers_and_libraries_2017.4.196/linux/compiler/lib/intel64_lin] ==> dir [/projects/global/toss3/compilers/intel/intel_2017/compilers_and_libraries_2017.4.196/linux/compiler/lib/intel64_lin]
    arg [-L/opt/rh/devtoolset-3/root/usr/lib/gcc/x86_64-redhat-linux/4.9.2/] ==> dir [/opt/rh/devtoolset-3/root/usr/lib/gcc/x86_64-redhat-linux/4.9.2/]
    arg [-L/opt/rh/devtoolset-3/root/usr/lib/gcc/x86_64-redhat-linux/4.9.2/../../../../lib64] ==> dir [/opt/rh/devtoolset-3/root/usr/lib/gcc/x86_64-redhat-linux/4.9.2/../../../../lib64]
    arg [-L/opt/rh/devtoolset-3/root/usr/lib/gcc/x86_64-redhat-linux/4.9.2/../../../../lib64/] ==> dir [/opt/rh/devtoolset-3/root/usr/lib/gcc/x86_64-redhat-linux/4.9.2/../../../../lib64/]
    arg [-L/lib/../lib64] ==> dir [/lib/../lib64]
    arg [-L/lib/../lib64/] ==> dir [/lib/../lib64/]
    arg [-L/usr/lib/../lib64] ==> dir [/usr/lib/../lib64]
    arg [-L/usr/lib/../lib64/] ==> dir [/usr/lib/../lib64/]
    arg [-L/opt/rh/devtoolset-3/root/usr/lib/gcc/x86_64-redhat-linux/4.9.2/../../../] ==> dir [/opt/rh/devtoolset-3/root/usr/lib/gcc/x86_64-redhat-linux/4.9.2/../../../]
    arg [-L/lib64] ==> dir [/lib64]
    arg [-L/lib/] ==> dir [/lib/]
    arg [-L/usr/lib64] ==> dir [/usr/lib64]
    arg [-L/usr/lib] ==> dir [/usr/lib]
    arg [CMakeFiles/cmTryCompileExec2666226950.dir/CMakeCCompilerABI.c.o] ==> ignore
    arg [-rpath] ==> ignore
    arg [/opt/openmpi/2.0/intel/lib] ==> ignore
    arg [--enable-new-dtags] ==> ignore
    arg [-lmpi] ==> lib [mpi]
    arg [-Bdynamic] ==> ignore
    arg [-Bstatic] ==> ignore
    arg [-limf] ==> lib [imf]
    arg [-lsvml] ==> lib [svml]
    arg [-lirng] ==> lib [irng]
    arg [-Bdynamic] ==> ignore
    arg [-lm] ==> lib [m]
    arg [-Bstatic] ==> ignore
    arg [-lipgo] ==> lib [ipgo]
    arg [-ldecimal] ==> lib [decimal]
    arg [--as-needed] ==> ignore
    arg [-Bdynamic] ==> ignore
    arg [-lcilkrts] ==> lib [cilkrts]
    arg [-lstdc++] ==> lib [stdc++]
    arg [--no-as-needed] ==> ignore
    arg [-lgcc] ==> lib [gcc]
    arg [-lgcc_s] ==> lib [gcc_s]
    arg [-Bstatic] ==> ignore
    arg [-lirc] ==> lib [irc]
    arg [-Bdynamic] ==> ignore
    arg [-lpthread] ==> lib [pthread]
    arg [-Bstatic] ==> ignore
    arg [-lsvml] ==> lib [svml]
    arg [-Bdynamic] ==> ignore
    arg [-lc] ==> lib [c]
    arg [-lgcc] ==> lib [gcc]
    arg [-lgcc_s] ==> lib [gcc_s]
    arg [-Bstatic] ==> ignore
    arg [-lirc_s] ==> lib [irc_s]
    arg [-Bdynamic] ==> ignore
    arg [-ldl] ==> lib [dl]
    arg [-lc] ==> lib [c]
    arg [/opt/rh/devtoolset-3/root/usr/lib/gcc/x86_64-redhat-linux/4.9.2/crtend.o] ==> ignore
    arg [/lib/../lib64/crtn.o] ==> ignore
  remove lib [gcc]
  remove lib [gcc_s]
  remove lib [gcc]
  remove lib [gcc_s]
  collapse library dir [/opt/openmpi/2.0/intel/lib] ==> [/opt/openmpi/2.0/intel/lib]
  collapse library dir [/projects/global/toss3/compilers/intel/intel_2017/compilers_and_libraries_2017.4.196/linux/compiler/lib/intel64_lin] ==> [/projects/global/toss3/compilers/intel/intel_2017/compilers_and_libraries_2017.4.196/linux/compiler/lib/intel64_lin]
  collapse library dir [/opt/rh/devtoolset-3/root/usr/lib/gcc/x86_64-redhat-linux/4.9.2/] ==> [/opt/rh/devtoolset-3/root/usr/lib/gcc/x86_64-redhat-linux/4.9.2]
  collapse library dir [/opt/rh/devtoolset-3/root/usr/lib/gcc/x86_64-redhat-linux/4.9.2/../../../../lib64] ==> [/opt/rh/devtoolset-3/root/usr/lib64]
  collapse library dir [/opt/rh/devtoolset-3/root/usr/lib/gcc/x86_64-redhat-linux/4.9.2/../../../../lib64/] ==> [/opt/rh/devtoolset-3/root/usr/lib64]
  collapse library dir [/lib/../lib64] ==> [/lib64]
  collapse library dir [/lib/../lib64/] ==> [/lib64]
  collapse library dir [/usr/lib/../lib64] ==> [/usr/lib64]
  collapse library dir [/usr/lib/../lib64/] ==> [/usr/lib64]
  collapse library dir [/opt/rh/devtoolset-3/root/usr/lib/gcc/x86_64-redhat-linux/4.9.2/../../../] ==> [/opt/rh/devtoolset-3/root/usr/lib]
  collapse library dir [/lib64] ==> [/lib64]
  collapse library dir [/lib/] ==> [/lib]
  collapse library dir [/usr/lib64] ==> [/usr/lib64]
  collapse library dir [/usr/lib] ==> [/usr/lib]
  implicit libs: [mpi;imf;svml;irng;m;ipgo;decimal;cilkrts;stdc++;irc;pthread;svml;c;irc_s;dl;c]
  implicit dirs: [/opt/openmpi/2.0/intel/lib;/projects/global/toss3/compilers/intel/intel_2017/compilers_and_libraries_2017.4.196/linux/compiler/lib/intel64_lin;/opt/rh/devtoolset-3/root/usr/lib/gcc/x86_64-redhat-linux/4.9.2;/opt/rh/devtoolset-3/root/usr/lib64;/lib64;/usr/lib64;/opt/rh/devtoolset-3/root/usr/lib;/lib;/usr/lib]
  implicit fwks: []


Determining if the CXX compiler works passed with the following output:
Change Dir: /gscratch/mmcches/StrideSearch/cpp/lpmCxx/build/CMakeFiles/CMakeTmp

Run Build Command:/bin/gmake "cmTryCompileExec2467146849/fast"
/bin/gmake -f CMakeFiles/cmTryCompileExec2467146849.dir/build.make CMakeFiles/cmTryCompileExec2467146849.dir/build
gmake[1]: Entering directory `/gscratch/mmcches/StrideSearch/cpp/lpmCxx/build/CMakeFiles/CMakeTmp'
/usr/bin/cmake -E cmake_progress_report /gscratch/mmcches/StrideSearch/cpp/lpmCxx/build/CMakeFiles/CMakeTmp/CMakeFiles 1
Building CXX object CMakeFiles/cmTryCompileExec2467146849.dir/testCXXCompiler.cxx.o
/opt/openmpi/2.0/intel/bin/mpicxx     -o CMakeFiles/cmTryCompileExec2467146849.dir/testCXXCompiler.cxx.o -c /gscratch/mmcches/StrideSearch/cpp/lpmCxx/build/CMakeFiles/CMakeTmp/testCXXCompiler.cxx
Linking CXX executable cmTryCompileExec2467146849
/usr/bin/cmake -E cmake_link_script CMakeFiles/cmTryCompileExec2467146849.dir/link.txt --verbose=1
/opt/openmpi/2.0/intel/bin/mpicxx        CMakeFiles/cmTryCompileExec2467146849.dir/testCXXCompiler.cxx.o  -o cmTryCompileExec2467146849 -rdynamic 
gmake[1]: Leaving directory `/gscratch/mmcches/StrideSearch/cpp/lpmCxx/build/CMakeFiles/CMakeTmp'


Detecting CXX compiler ABI info compiled with the following output:
Change Dir: /gscratch/mmcches/StrideSearch/cpp/lpmCxx/build/CMakeFiles/CMakeTmp

Run Build Command:/bin/gmake "cmTryCompileExec3205824847/fast"
/bin/gmake -f CMakeFiles/cmTryCompileExec3205824847.dir/build.make CMakeFiles/cmTryCompileExec3205824847.dir/build
gmake[1]: Entering directory `/gscratch/mmcches/StrideSearch/cpp/lpmCxx/build/CMakeFiles/CMakeTmp'
/usr/bin/cmake -E cmake_progress_report /gscratch/mmcches/StrideSearch/cpp/lpmCxx/build/CMakeFiles/CMakeTmp/CMakeFiles 1
Building CXX object CMakeFiles/cmTryCompileExec3205824847.dir/CMakeCXXCompilerABI.cpp.o
/opt/openmpi/2.0/intel/bin/mpicxx     -o CMakeFiles/cmTryCompileExec3205824847.dir/CMakeCXXCompilerABI.cpp.o -c /usr/share/cmake/Modules/CMakeCXXCompilerABI.cpp
Linking CXX executable cmTryCompileExec3205824847
/usr/bin/cmake -E cmake_link_script CMakeFiles/cmTryCompileExec3205824847.dir/link.txt --verbose=1
/opt/openmpi/2.0/intel/bin/mpicxx      -v CMakeFiles/cmTryCompileExec3205824847.dir/CMakeCXXCompilerABI.cpp.o  -o cmTryCompileExec3205824847 -rdynamic  
icpc version 17.0.4 (gcc version 4.9.2 compatibility)
/projects/global/toss3/compilers/intel/intel_2017/compilers_and_libraries_2017.4.196/linux/bin/intel64/mcpcom    -mGLOB_em64t=TRUE -mP1OPT_version=17.0-intel64 -mGLOB_diag_file=CMakeFiles/cmTryCompileExec3205824847.dir/CMakeCXXCompilerABI.cpp.diag -mGLOB_long_size_64 -mGLOB_routine_pointer_size_64 -mP1OPT_print_version=FALSE -mCG_use_gas_got_workaround=F -mP2OPT_align_option_used=TRUE -mGLOB_gcc_version=492 "-mGLOB_options_string=-I/opt/openmpi/2.0/intel/include -v -o cmTryCompileExec3205824847 -rdynamic -pthread -Wl,-rpath -Wl,/opt/openmpi/2.0/intel/lib -Wl,--enable-new-dtags -L/opt/openmpi/2.0/intel/lib -lmpi" -mGLOB_cxx_limited_range=FALSE -mCG_extend_parms=FALSE -mGLOB_compiler_bin_directory=/projects/global/toss3/compilers/intel/intel_2017/compilers_and_libraries_2017.4.196/linux/bin/intel64 -mGLOB_as_output_backup_file_name=/tmp/icpceo9Z4ras_.s -mGLOB_dashboard_use_source_name -mIPOPT_activate -mGLOB_product_id_code=0x22006d8e -mP3OPT_use_mspp_call_convention -mP2OPT_subs_out_of_bound=FALSE -mP2OPT_disam_type_based_disam=2 -mP2OPT_disam_assume_ansi_c -mP2OPT_checked_disam_ansi_alias=TRUE -mGLOB_ansi_alias -mPGOPTI_value_profile_use=T -mGLOB_opt_report_use_source_name -mP2OPT_il0_array_sections=TRUE -mGLOB_offload_mode=1 -mP2OPT_offload_unique_var_string=icpc0264674042dzRo9m -mP2OPT_hlo -mP2OPT_hpo_rtt_control=0 -mIPOPT_args_in_regs=0 -mP2OPT_disam_assume_nonstd_intent_in=FALSE -mGLOB_imf_mapping_library=/projects/global/toss3/compilers/intel/intel_2017/compilers_and_libraries_2017.4.196/linux/bin/intel64/libiml_attr.so -mPGOPTI_gen_threadsafe_level=0 -mIPOPT_link -mIPOPT_ipo_activate -mIPOPT_mo_activate -mIPOPT_source_files_list=/tmp/icpcslisUBZbxW -mIPOPT_mo_global_data -mIPOPT_link_script_file=/tmp/icpcscriptDMMT26 "-mIPOPT_cmdline_link="/lib/../lib64/crt1.o" "/lib/../lib64/crti.o" "/opt/rh/devtoolset-3/root/usr/lib/gcc/x86_64-redhat-linux/4.9.2/crtbegin.o" "-export-dynamic" "--eh-frame-hdr" "--build-id" "-dynamic-linker" "/lib64/ld-linux-x86-64.so.2" "-m" "elf_x86_64" "-L/opt/openmpi/2.0/intel/lib" "-o" "cmTryCompileExec3205824847" "-L/projects/global/toss3/compilers/intel/intel_2017/compilers_and_libraries_2017.4.196/linux/compiler/lib/intel64_lin" "-L/opt/rh/devtoolset-3/root/usr/lib/gcc/x86_64-redhat-linux/4.9.2/" "-L/opt/rh/devtoolset-3/root/usr/lib/gcc/x86_64-redhat-linux/4.9.2/../../../../lib64" "-L/opt/rh/devtoolset-3/root/usr/lib/gcc/x86_64-redhat-linux/4.9.2/../../../../lib64/" "-L/lib/../lib64" "-L/lib/../lib64/" "-L/usr/lib/../lib64" "-L/usr/lib/../lib64/" "-L/opt/rh/devtoolset-3/root/usr/lib/gcc/x86_64-redhat-linux/4.9.2/../../../" "-L/lib64" "-L/lib/" "-L/usr/lib64" "-L/usr/lib" "CMakeFiles/cmTryCompileExec3205824847.dir/CMakeCXXCompilerABI.cpp.o" "-rpath" "/opt/openmpi/2.0/intel/lib" "--enable-new-dtags" "-lmpi" "-Bdynamic" "-Bstatic" "-limf" "-lsvml" "-lirng" "-Bdynamic" "-lstdc++" "-lm" "-Bstatic" "-lipgo" "-ldecimal" "--as-needed" "-Bdynamic" "-lcilkrts" "--no-as-needed" "-lstdc++" "-lgcc" "-lgcc_s" "-Bstatic" "-lirc" "-Bdynamic" "-lpthread" "-Bstatic" "-lsvml" "-Bdynamic" "-lc" "-lgcc" "-lgcc_s" "-Bstatic" "-lirc_s" "-Bdynamic" "-ldl" "-lc" "/opt/rh/devtoolset-3/root/usr/lib/gcc/x86_64-redhat-linux/4.9.2/crtend.o" "/lib/../lib64/crtn.o"" -mIPOPT_il_in_obj -mIPOPT_ipo_activate_warn=FALSE -mIPOPT_obj_output_file_name=/tmp/ipo_icpcx4SYsV.o -mIPOPT_whole_archive_fixup_file_name=/tmp/icpcwarchZslDFX -mGLOB_linker_version=2.24 -mGLOB_driver_tempfile_name=/tmp/icpctempfileNHm3c8 -mP3OPT_asm_target=P3OPT_ASM_TARGET_GAS -mGLOB_async_unwind_tables=TRUE -mGLOB_obj_output_file=/tmp/ipo_icpcx4SYsV.o -mGLOB_source_dialect=GLOB_SOURCE_DIALECT_NONE -mP1OPT_source_file_name=ipo_out.c CMakeFiles/cmTryCompileExec3205824847.dir/CMakeCXXCompilerABI.cpp.o -mIPOPT_object_files=T -mIPOPT_assembly_files=/tmp/icpcalishjLnug -mIPOPT_generated_tempfiles=/tmp/icpcelisC7g4Zq -mIPOPT_embedded_object_base_name=/tmp/icpceobj2V7KvB -mIPOPT_cmdline_link_new_name=/tmp/icpcllisr8ot1L
ld    /lib/../lib64/crt1.o /lib/../lib64/crti.o /opt/rh/devtoolset-3/root/usr/lib/gcc/x86_64-redhat-linux/4.9.2/crtbegin.o -export-dynamic --eh-frame-hdr --build-id -dynamic-linker /lib64/ld-linux-x86-64.so.2 -m elf_x86_64 -L/opt/openmpi/2.0/intel/lib -o cmTryCompileExec3205824847 -L/projects/global/toss3/compilers/intel/intel_2017/compilers_and_libraries_2017.4.196/linux/compiler/lib/intel64_lin -L/opt/rh/devtoolset-3/root/usr/lib/gcc/x86_64-redhat-linux/4.9.2/ -L/opt/rh/devtoolset-3/root/usr/lib/gcc/x86_64-redhat-linux/4.9.2/../../../../lib64 -L/opt/rh/devtoolset-3/root/usr/lib/gcc/x86_64-redhat-linux/4.9.2/../../../../lib64/ -L/lib/../lib64 -L/lib/../lib64/ -L/usr/lib/../lib64 -L/usr/lib/../lib64/ -L/opt/rh/devtoolset-3/root/usr/lib/gcc/x86_64-redhat-linux/4.9.2/../../../ -L/lib64 -L/lib/ -L/usr/lib64 -L/usr/lib CMakeFiles/cmTryCompileExec3205824847.dir/CMakeCXXCompilerABI.cpp.o -rpath /opt/openmpi/2.0/intel/lib --enable-new-dtags -lmpi -Bdynamic -Bstatic -limf -lsvml -lirng -Bdynamic -lstdc++ -lm -Bstatic -lipgo -ldecimal --as-needed -Bdynamic -lcilkrts --no-as-needed -lstdc++ -lgcc -lgcc_s -Bstatic -lirc -Bdynamic -lpthread -Bstatic -lsvml -Bdynamic -lc -lgcc -lgcc_s -Bstatic -lirc_s -Bdynamic -ldl -lc /opt/rh/devtoolset-3/root/usr/lib/gcc/x86_64-redhat-linux/4.9.2/crtend.o /lib/../lib64/crtn.o
gmake[1]: Leaving directory `/gscratch/mmcches/StrideSearch/cpp/lpmCxx/build/CMakeFiles/CMakeTmp'


Parsed CXX implicit link information from above output:
  link line regex: [^( *|.*[/\])(ld|([^/\]+-)?ld|collect2)[^/\]*( |$)]
  ignore line: [Change Dir: /gscratch/mmcches/StrideSearch/cpp/lpmCxx/build/CMakeFiles/CMakeTmp]
  ignore line: []
  ignore line: [Run Build Command:/bin/gmake "cmTryCompileExec3205824847/fast"]
  ignore line: [/bin/gmake -f CMakeFiles/cmTryCompileExec3205824847.dir/build.make CMakeFiles/cmTryCompileExec3205824847.dir/build]
  ignore line: [gmake[1]: Entering directory `/gscratch/mmcches/StrideSearch/cpp/lpmCxx/build/CMakeFiles/CMakeTmp']
  ignore line: [/usr/bin/cmake -E cmake_progress_report /gscratch/mmcches/StrideSearch/cpp/lpmCxx/build/CMakeFiles/CMakeTmp/CMakeFiles 1]
  ignore line: [Building CXX object CMakeFiles/cmTryCompileExec3205824847.dir/CMakeCXXCompilerABI.cpp.o]
  ignore line: [/opt/openmpi/2.0/intel/bin/mpicxx     -o CMakeFiles/cmTryCompileExec3205824847.dir/CMakeCXXCompilerABI.cpp.o -c /usr/share/cmake/Modules/CMakeCXXCompilerABI.cpp]
  ignore line: [Linking CXX executable cmTryCompileExec3205824847]
  ignore line: [/usr/bin/cmake -E cmake_link_script CMakeFiles/cmTryCompileExec3205824847.dir/link.txt --verbose=1]
  ignore line: [/opt/openmpi/2.0/intel/bin/mpicxx      -v CMakeFiles/cmTryCompileExec3205824847.dir/CMakeCXXCompilerABI.cpp.o  -o cmTryCompileExec3205824847 -rdynamic  ]
  ignore line: [icpc version 17.0.4 (gcc version 4.9.2 compatibility)]
  ignore line: [/projects/global/toss3/compilers/intel/intel_2017/compilers_and_libraries_2017.4.196/linux/bin/intel64/mcpcom    -mGLOB_em64t=TRUE -mP1OPT_version=17.0-intel64 -mGLOB_diag_file=CMakeFiles/cmTryCompileExec3205824847.dir/CMakeCXXCompilerABI.cpp.diag -mGLOB_long_size_64 -mGLOB_routine_pointer_size_64 -mP1OPT_print_version=FALSE -mCG_use_gas_got_workaround=F -mP2OPT_align_option_used=TRUE -mGLOB_gcc_version=492 "-mGLOB_options_string=-I/opt/openmpi/2.0/intel/include -v -o cmTryCompileExec3205824847 -rdynamic -pthread -Wl,-rpath -Wl,/opt/openmpi/2.0/intel/lib -Wl,--enable-new-dtags -L/opt/openmpi/2.0/intel/lib -lmpi" -mGLOB_cxx_limited_range=FALSE -mCG_extend_parms=FALSE -mGLOB_compiler_bin_directory=/projects/global/toss3/compilers/intel/intel_2017/compilers_and_libraries_2017.4.196/linux/bin/intel64 -mGLOB_as_output_backup_file_name=/tmp/icpceo9Z4ras_.s -mGLOB_dashboard_use_source_name -mIPOPT_activate -mGLOB_product_id_code=0x22006d8e -mP3OPT_use_mspp_call_convention -mP2OPT_subs_out_of_bound=FALSE -mP2OPT_disam_type_based_disam=2 -mP2OPT_disam_assume_ansi_c -mP2OPT_checked_disam_ansi_alias=TRUE -mGLOB_ansi_alias -mPGOPTI_value_profile_use=T -mGLOB_opt_report_use_source_name -mP2OPT_il0_array_sections=TRUE -mGLOB_offload_mode=1 -mP2OPT_offload_unique_var_string=icpc0264674042dzRo9m -mP2OPT_hlo -mP2OPT_hpo_rtt_control=0 -mIPOPT_args_in_regs=0 -mP2OPT_disam_assume_nonstd_intent_in=FALSE -mGLOB_imf_mapping_library=/projects/global/toss3/compilers/intel/intel_2017/compilers_and_libraries_2017.4.196/linux/bin/intel64/libiml_attr.so -mPGOPTI_gen_threadsafe_level=0 -mIPOPT_link -mIPOPT_ipo_activate -mIPOPT_mo_activate -mIPOPT_source_files_list=/tmp/icpcslisUBZbxW -mIPOPT_mo_global_data -mIPOPT_link_script_file=/tmp/icpcscriptDMMT26 "-mIPOPT_cmdline_link="/lib/../lib64/crt1.o" "/lib/../lib64/crti.o" "/opt/rh/devtoolset-3/root/usr/lib/gcc/x86_64-redhat-linux/4.9.2/crtbegin.o" "-export-dynamic" "--eh-frame-hdr" "--build-id" "-dynamic-linker" "/lib64/ld-linux-x86-64.so.2" "-m" "elf_x86_64" "-L/opt/openmpi/2.0/intel/lib" "-o" "cmTryCompileExec3205824847" "-L/projects/global/toss3/compilers/intel/intel_2017/compilers_and_libraries_2017.4.196/linux/compiler/lib/intel64_lin" "-L/opt/rh/devtoolset-3/root/usr/lib/gcc/x86_64-redhat-linux/4.9.2/" "-L/opt/rh/devtoolset-3/root/usr/lib/gcc/x86_64-redhat-linux/4.9.2/../../../../lib64" "-L/opt/rh/devtoolset-3/root/usr/lib/gcc/x86_64-redhat-linux/4.9.2/../../../../lib64/" "-L/lib/../lib64" "-L/lib/../lib64/" "-L/usr/lib/../lib64" "-L/usr/lib/../lib64/" "-L/opt/rh/devtoolset-3/root/usr/lib/gcc/x86_64-redhat-linux/4.9.2/../../../" "-L/lib64" "-L/lib/" "-L/usr/lib64" "-L/usr/lib" "CMakeFiles/cmTryCompileExec3205824847.dir/CMakeCXXCompilerABI.cpp.o" "-rpath" "/opt/openmpi/2.0/intel/lib" "--enable-new-dtags" "-lmpi" "-Bdynamic" "-Bstatic" "-limf" "-lsvml" "-lirng" "-Bdynamic" "-lstdc++" "-lm" "-Bstatic" "-lipgo" "-ldecimal" "--as-needed" "-Bdynamic" "-lcilkrts" "--no-as-needed" "-lstdc++" "-lgcc" "-lgcc_s" "-Bstatic" "-lirc" "-Bdynamic" "-lpthread" "-Bstatic" "-lsvml" "-Bdynamic" "-lc" "-lgcc" "-lgcc_s" "-Bstatic" "-lirc_s" "-Bdynamic" "-ldl" "-lc" "/opt/rh/devtoolset-3/root/usr/lib/gcc/x86_64-redhat-linux/4.9.2/crtend.o" "/lib/../lib64/crtn.o"" -mIPOPT_il_in_obj -mIPOPT_ipo_activate_warn=FALSE -mIPOPT_obj_output_file_name=/tmp/ipo_icpcx4SYsV.o -mIPOPT_whole_archive_fixup_file_name=/tmp/icpcwarchZslDFX -mGLOB_linker_version=2.24 -mGLOB_driver_tempfile_name=/tmp/icpctempfileNHm3c8 -mP3OPT_asm_target=P3OPT_ASM_TARGET_GAS -mGLOB_async_unwind_tables=TRUE -mGLOB_obj_output_file=/tmp/ipo_icpcx4SYsV.o -mGLOB_source_dialect=GLOB_SOURCE_DIALECT_NONE -mP1OPT_source_file_name=ipo_out.c CMakeFiles/cmTryCompileExec3205824847.dir/CMakeCXXCompilerABI.cpp.o -mIPOPT_object_files=T -mIPOPT_assembly_files=/tmp/icpcalishjLnug -mIPOPT_generated_tempfiles=/tmp/icpcelisC7g4Zq -mIPOPT_embedded_object_base_name=/tmp/icpceobj2V7KvB -mIPOPT_cmdline_link_new_name=/tmp/icpcllisr8ot1L]
  link line: [ld    /lib/../lib64/crt1.o /lib/../lib64/crti.o /opt/rh/devtoolset-3/root/usr/lib/gcc/x86_64-redhat-linux/4.9.2/crtbegin.o -export-dynamic --eh-frame-hdr --build-id -dynamic-linker /lib64/ld-linux-x86-64.so.2 -m elf_x86_64 -L/opt/openmpi/2.0/intel/lib -o cmTryCompileExec3205824847 -L/projects/global/toss3/compilers/intel/intel_2017/compilers_and_libraries_2017.4.196/linux/compiler/lib/intel64_lin -L/opt/rh/devtoolset-3/root/usr/lib/gcc/x86_64-redhat-linux/4.9.2/ -L/opt/rh/devtoolset-3/root/usr/lib/gcc/x86_64-redhat-linux/4.9.2/../../../../lib64 -L/opt/rh/devtoolset-3/root/usr/lib/gcc/x86_64-redhat-linux/4.9.2/../../../../lib64/ -L/lib/../lib64 -L/lib/../lib64/ -L/usr/lib/../lib64 -L/usr/lib/../lib64/ -L/opt/rh/devtoolset-3/root/usr/lib/gcc/x86_64-redhat-linux/4.9.2/../../../ -L/lib64 -L/lib/ -L/usr/lib64 -L/usr/lib CMakeFiles/cmTryCompileExec3205824847.dir/CMakeCXXCompilerABI.cpp.o -rpath /opt/openmpi/2.0/intel/lib --enable-new-dtags -lmpi -Bdynamic -Bstatic -limf -lsvml -lirng -Bdynamic -lstdc++ -lm -Bstatic -lipgo -ldecimal --as-needed -Bdynamic -lcilkrts --no-as-needed -lstdc++ -lgcc -lgcc_s -Bstatic -lirc -Bdynamic -lpthread -Bstatic -lsvml -Bdynamic -lc -lgcc -lgcc_s -Bstatic -lirc_s -Bdynamic -ldl -lc /opt/rh/devtoolset-3/root/usr/lib/gcc/x86_64-redhat-linux/4.9.2/crtend.o /lib/../lib64/crtn.o]
    arg [ld] ==> ignore
    arg [/lib/../lib64/crt1.o] ==> ignore
    arg [/lib/../lib64/crti.o] ==> ignore
    arg [/opt/rh/devtoolset-3/root/usr/lib/gcc/x86_64-redhat-linux/4.9.2/crtbegin.o] ==> ignore
    arg [-export-dynamic] ==> ignore
    arg [--eh-frame-hdr] ==> ignore
    arg [--build-id] ==> ignore
    arg [-dynamic-linker] ==> ignore
    arg [/lib64/ld-linux-x86-64.so.2] ==> ignore
    arg [-m] ==> ignore
    arg [elf_x86_64] ==> ignore
    arg [-L/opt/openmpi/2.0/intel/lib] ==> dir [/opt/openmpi/2.0/intel/lib]
    arg [-o] ==> ignore
    arg [cmTryCompileExec3205824847] ==> ignore
    arg [-L/projects/global/toss3/compilers/intel/intel_2017/compilers_and_libraries_2017.4.196/linux/compiler/lib/intel64_lin] ==> dir [/projects/global/toss3/compilers/intel/intel_2017/compilers_and_libraries_2017.4.196/linux/compiler/lib/intel64_lin]
    arg [-L/opt/rh/devtoolset-3/root/usr/lib/gcc/x86_64-redhat-linux/4.9.2/] ==> dir [/opt/rh/devtoolset-3/root/usr/lib/gcc/x86_64-redhat-linux/4.9.2/]
    arg [-L/opt/rh/devtoolset-3/root/usr/lib/gcc/x86_64-redhat-linux/4.9.2/../../../../lib64] ==> dir [/opt/rh/devtoolset-3/root/usr/lib/gcc/x86_64-redhat-linux/4.9.2/../../../../lib64]
    arg [-L/opt/rh/devtoolset-3/root/usr/lib/gcc/x86_64-redhat-linux/4.9.2/../../../../lib64/] ==> dir [/opt/rh/devtoolset-3/root/usr/lib/gcc/x86_64-redhat-linux/4.9.2/../../../../lib64/]
    arg [-L/lib/../lib64] ==> dir [/lib/../lib64]
    arg [-L/lib/../lib64/] ==> dir [/lib/../lib64/]
    arg [-L/usr/lib/../lib64] ==> dir [/usr/lib/../lib64]
    arg [-L/usr/lib/../lib64/] ==> dir [/usr/lib/../lib64/]
    arg [-L/opt/rh/devtoolset-3/root/usr/lib/gcc/x86_64-redhat-linux/4.9.2/../../../] ==> dir [/opt/rh/devtoolset-3/root/usr/lib/gcc/x86_64-redhat-linux/4.9.2/../../../]
    arg [-L/lib64] ==> dir [/lib64]
    arg [-L/lib/] ==> dir [/lib/]
    arg [-L/usr/lib64] ==> dir [/usr/lib64]
    arg [-L/usr/lib] ==> dir [/usr/lib]
    arg [CMakeFiles/cmTryCompileExec3205824847.dir/CMakeCXXCompilerABI.cpp.o] ==> ignore
    arg [-rpath] ==> ignore
    arg [/opt/openmpi/2.0/intel/lib] ==> ignore
    arg [--enable-new-dtags] ==> ignore
    arg [-lmpi] ==> lib [mpi]
    arg [-Bdynamic] ==> ignore
    arg [-Bstatic] ==> ignore
    arg [-limf] ==> lib [imf]
    arg [-lsvml] ==> lib [svml]
    arg [-lirng] ==> lib [irng]
    arg [-Bdynamic] ==> ignore
    arg [-lstdc++] ==> lib [stdc++]
    arg [-lm] ==> lib [m]
    arg [-Bstatic] ==> ignore
    arg [-lipgo] ==> lib [ipgo]
    arg [-ldecimal] ==> lib [decimal]
    arg [--as-needed] ==> ignore
    arg [-Bdynamic] ==> ignore
    arg [-lcilkrts] ==> lib [cilkrts]
    arg [--no-as-needed] ==> ignore
    arg [-lstdc++] ==> lib [stdc++]
    arg [-lgcc] ==> lib [gcc]
    arg [-lgcc_s] ==> lib [gcc_s]
    arg [-Bstatic] ==> ignore
    arg [-lirc] ==> lib [irc]
    arg [-Bdynamic] ==> ignore
    arg [-lpthread] ==> lib [pthread]
    arg [-Bstatic] ==> ignore
    arg [-lsvml] ==> lib [svml]
    arg [-Bdynamic] ==> ignore
    arg [-lc] ==> lib [c]
    arg [-lgcc] ==> lib [gcc]
    arg [-lgcc_s] ==> lib [gcc_s]
    arg [-Bstatic] ==> ignore
    arg [-lirc_s] ==> lib [irc_s]
    arg [-Bdynamic] ==> ignore
    arg [-ldl] ==> lib [dl]
    arg [-lc] ==> lib [c]
    arg [/opt/rh/devtoolset-3/root/usr/lib/gcc/x86_64-redhat-linux/4.9.2/crtend.o] ==> ignore
    arg [/lib/../lib64/crtn.o] ==> ignore
  remove lib [gcc]
  remove lib [gcc_s]
  remove lib [gcc]
  remove lib [gcc_s]
  collapse library dir [/opt/openmpi/2.0/intel/lib] ==> [/opt/openmpi/2.0/intel/lib]
  collapse library dir [/projects/global/toss3/compilers/intel/intel_2017/compilers_and_libraries_2017.4.196/linux/compiler/lib/intel64_lin] ==> [/projects/global/toss3/compilers/intel/intel_2017/compilers_and_libraries_2017.4.196/linux/compiler/lib/intel64_lin]
  collapse library dir [/opt/rh/devtoolset-3/root/usr/lib/gcc/x86_64-redhat-linux/4.9.2/] ==> [/opt/rh/devtoolset-3/root/usr/lib/gcc/x86_64-redhat-linux/4.9.2]
  collapse library dir [/opt/rh/devtoolset-3/root/usr/lib/gcc/x86_64-redhat-linux/4.9.2/../../../../lib64] ==> [/opt/rh/devtoolset-3/root/usr/lib64]
  collapse library dir [/opt/rh/devtoolset-3/root/usr/lib/gcc/x86_64-redhat-linux/4.9.2/../../../../lib64/] ==> [/opt/rh/devtoolset-3/root/usr/lib64]
  collapse library dir [/lib/../lib64] ==> [/lib64]
  collapse library dir [/lib/../lib64/] ==> [/lib64]
  collapse library dir [/usr/lib/../lib64] ==> [/usr/lib64]
  collapse library dir [/usr/lib/../lib64/] ==> [/usr/lib64]
  collapse library dir [/opt/rh/devtoolset-3/root/usr/lib/gcc/x86_64-redhat-linux/4.9.2/../../../] ==> [/opt/rh/devtoolset-3/root/usr/lib]
  collapse library dir [/lib64] ==> [/lib64]
  collapse library dir [/lib/] ==> [/lib]
  collapse library dir [/usr/lib64] ==> [/usr/lib64]
  collapse library dir [/usr/lib] ==> [/usr/lib]
  implicit libs: [mpi;imf;svml;irng;stdc++;m;ipgo;decimal;cilkrts;stdc++;irc;pthread;svml;c;irc_s;dl;c]
  implicit dirs: [/opt/openmpi/2.0/intel/lib;/projects/global/toss3/compilers/intel/intel_2017/compilers_and_libraries_2017.4.196/linux/compiler/lib/intel64_lin;/opt/rh/devtoolset-3/root/usr/lib/gcc/x86_64-redhat-linux/4.9.2;/opt/rh/devtoolset-3/root/usr/lib64;/lib64;/usr/lib64;/opt/rh/devtoolset-3/root/usr/lib;/lib;/usr/lib]
  implicit fwks: []


